<?xml version="1.0" encoding="UTF-8"?>
<testsuite name="TestSuite" time="12.516" tests="12" errors="0" skipped="0" failures="1">
  <properties>
[...]
</properties>
  <testcase name="testingLogin" classname="testCode.PageObjectChecking" time="6.185"/>
  <testcase name="testingLogin" classname="testCode.PageObjectChecking" time="0.85"/>
  <testcase name="testingLogin" classname="testCode.PageObjectChecking" time="1.028"/>
  <testcase name="goingToPage" classname="testCode.PageObjectChecking" time="3.639">
    <failure message="expected [true] but found [false]" type="java.lang.AssertionError">java.lang.AssertionError: expected [true] but found [false]
	at org.testng.Assert.fail(Assert.java:94)
	at org.testng.Assert.failNotEquals(Assert.java:513)
	at org.testng.Assert.assertTrue(Assert.java:42)
	at org.testng.Assert.assertTrue(Assert.java:52)
	at testCode.PageObjectChecking.goingToPage(PageObjectChecking.java:42)
</failure>
    <system-err>16560 [main] INFO testCode.CustomTestListener - Test class started: testCode.PageObjectChecking
16560 [main] INFO testCode.CustomTestListener - Test started: goingToPage
20169 [main] INFO testCode.CustomTestListener - Test FAILED: goingToPage
java.lang.AssertionError: expected [true] but found [false]
	at org.testng.Assert.fail(Assert.java:94)
	at org.testng.Assert.failNotEquals(Assert.java:513)
	at org.testng.Assert.assertTrue(Assert.java:42)
	at org.testng.Assert.assertTrue(Assert.java:52)
	at testCode.PageObjectChecking.goingToPage(PageObjectChecking.java:42)
	at sun.reflect.NativeMethodAccessorImpl.invoke0(Native Method)
	at sun.reflect.NativeMethodAccessorImpl.invoke(NativeMethodAccessorImpl.java:62)
	at sun.reflect.DelegatingMethodAccessorImpl.invoke(DelegatingMethodAccessorImpl.java:43)
	at java.lang.reflect.Method.invoke(Method.java:498)
	at org.testng.internal.MethodInvocationHelper.invokeMethod(MethodInvocationHelper.java:86)
	at org.testng.internal.Invoker.invokeMethod(Invoker.java:643)
	at org.testng.internal.Invoker.invokeTestMethod(Invoker.java:820)
	at org.testng.internal.Invoker.invokeTestMethods(Invoker.java:1128)
	at org.testng.internal.TestMethodWorker.invokeTestMethods(TestMethodWorker.java:129)
	at org.testng.internal.TestMethodWorker.run(TestMethodWorker.java:112)
	at org.testng.TestRunner.privateRun(TestRunner.java:782)
	at org.testng.TestRunner.run(TestRunner.java:632)
	at org.testng.SuiteRunner.runTest(SuiteRunner.java:366)
	at org.testng.SuiteRunner.runSequentially(SuiteRunner.java:361)
	at org.testng.SuiteRunner.privateRun(SuiteRunner.java:319)
	at org.testng.SuiteRunner.run(SuiteRunner.java:268)
	at org.testng.SuiteRunnerWorker.runSuite(SuiteRunnerWorker.java:52)
	at org.testng.SuiteRunnerWorker.run(SuiteRunnerWorker.java:86)
	at org.testng.TestNG.runSuitesSequentially(TestNG.java:1244)
	at org.testng.TestNG.runSuitesLocally(TestNG.java:1169)
	at org.testng.TestNG.run(TestNG.java:1064)
	at org.apache.maven.surefire.testng.TestNGExecutor.run(TestNGExecutor.java:178)
	at org.apache.maven.surefire.testng.TestNGXmlTestSuite.execute(TestNGXmlTestSuite.java:92)
	at org.apache.maven.surefire.testng.TestNGProvider.invoke(TestNGProvider.java:96)
	at sun.reflect.NativeMethodAccessorImpl.invoke0(Native Method)
	at sun.reflect.NativeMethodAccessorImpl.invoke(NativeMethodAccessorImpl.java:62)
	at sun.reflect.DelegatingMethodAccessorImpl.invoke(DelegatingMethodAccessorImpl.java:43)
	at java.lang.reflect.Method.invoke(Method.java:498)
	at org.apache.maven.surefire.util.ReflectionUtils.invokeMethodWithArray2(ReflectionUtils.java:208)
	at org.apache.maven.surefire.booter.ProviderFactory$ProviderProxy.invoke(ProviderFactory.java:158)
	at org.apache.maven.surefire.booter.ProviderFactory.invokeProvider(ProviderFactory.java:86)
	at org.apache.maven.surefire.booter.ForkedBooter.runSuitesInProcess(ForkedBooter.java:153)
	at org.apache.maven.surefire.booter.ForkedBooter.main(ForkedBooter.java:95)
</system-err>
  </testcase>
  <testcase name="testingCheckBoxElements" classname="testCode.PageObjectChecking" time="0.101"/>
  <testcase name="testingCheckBoxElements" classname="testCode.PageObjectChecking" time="0.096"/>
  <testcase name="testingCheckBoxElements" classname="testCode.PageObjectChecking" time="0.094"/>
  <testcase name="testingCheckBoxElements" classname="testCode.PageObjectChecking" time="0.098"/>
  <testcase name="testingRadioButtonsElements" classname="testCode.PageObjectChecking" time="0.097"/>
  <testcase name="testingRadioButtonsElements" classname="testCode.PageObjectChecking" time="0.099"/>
  <testcase name="testingRadioButtonsElements" classname="testCode.PageObjectChecking" time="0.106"/>
  <testcase name="testingRadioButtonsElements" classname="testCode.PageObjectChecking" time="0.123"/>
</testsuite>